-------------------------------------------------------------------------------
Test set: demoTest.DemoTest
-------------------------------------------------------------------------------
Tests run: 1, Failures: 0, Errors: 1, Skipped: 0, Time elapsed: 7.991 s <<< FAILURE! -- in demoTest.DemoTest
demoTest.DemoTest.openGoogle -- Time elapsed: 7.960 s <<< ERROR!
io.github.bonigarcia.wdm.config.WebDriverManagerException: io.github.bonigarcia.wdm.config.WebDriverManagerException: java.nio.file.AccessDeniedException: C:\Users\tarun\.cache\selenium\chromedriver\win64\138.0.7204.92\chromedriver.exe
	at io.github.bonigarcia.wdm.WebDriverManager.handleException(WebDriverManager.java:1421)
	at io.github.bonigarcia.wdm.WebDriverManager.manage(WebDriverManager.java:1184)
	at io.github.bonigarcia.wdm.WebDriverManager.fallback(WebDriverManager.java:1437)
	at io.github.bonigarcia.wdm.WebDriverManager.handleException(WebDriverManager.java:1415)
	at io.github.bonigarcia.wdm.WebDriverManager.manage(WebDriverManager.java:1184)
	at io.github.bonigarcia.wdm.WebDriverManager.setup(WebDriverManager.java:428)
	at demoTest.DemoTest.openGoogle(DemoTest.java:17)
	at java.base/java.lang.reflect.Method.invoke(Method.java:568)
	at java.base/java.util.ArrayList.forEach(ArrayList.java:1511)
	at java.base/java.util.ArrayList.forEach(ArrayList.java:1511)
Caused by: io.github.bonigarcia.wdm.config.WebDriverManagerException: java.nio.file.AccessDeniedException: C:\Users\tarun\.cache\selenium\chromedriver\win64\138.0.7204.92\chromedriver.exe
	at io.github.bonigarcia.wdm.online.Downloader.deleteFile(Downloader.java:332)
	at io.github.bonigarcia.wdm.online.Downloader.downloadAndExtract(Downloader.java:149)
	at io.github.bonigarcia.wdm.online.Downloader.download(Downloader.java:92)
	at io.github.bonigarcia.wdm.WebDriverManager.download(WebDriverManager.java:1277)
	at io.github.bonigarcia.wdm.WebDriverManager.manage(WebDriverManager.java:1178)
	... 8 more
Caused by: java.nio.file.AccessDeniedException: C:\Users\tarun\.cache\selenium\chromedriver\win64\138.0.7204.92\chromedriver.exe
	at java.base/sun.nio.fs.WindowsException.translateToIOException(WindowsException.java:89)
	at java.base/sun.nio.fs.WindowsException.rethrowAsIOException(WindowsException.java:103)
	at java.base/sun.nio.fs.WindowsException.rethrowAsIOException(WindowsException.java:108)
	at java.base/sun.nio.fs.WindowsFileSystemProvider.implDelete(WindowsFileSystemProvider.java:275)
	at java.base/sun.nio.fs.AbstractFileSystemProvider.delete(AbstractFileSystemProvider.java:105)
	at java.base/java.nio.file.Files.delete(Files.java:1152)
	at io.github.bonigarcia.wdm.online.Downloader.deleteFile(Downloader.java:330)
	... 12 more

